<?xml version="1.0" encoding="UTF-8"?>
<coverage generated="1626025940">
  <project timestamp="1626025940">
    <file name="/Users/judda/code/game-framework/dictionary/src/Dictionary.php">
      <class name="GamingEngine\Dictionary\Dictionary" namespace="global">
        <metrics complexity="49" methods="16" coveredmethods="16" conditionals="0" coveredconditionals="0" statements="87" coveredstatements="87" elements="103" coveredelements="103"/>
      </class>
      <line num="23" type="method" name="generateHash" visibility="protected" complexity="8" crap="8" count="34"/>
      <line num="25" type="stmt" count="34"/>
      <line num="26" type="stmt" count="13"/>
      <line num="27" type="stmt" count="4"/>
      <line num="29" type="stmt" count="9"/>
      <line num="30" type="stmt" count="27"/>
      <line num="31" type="stmt" count="14"/>
      <line num="32" type="stmt" count="21"/>
      <line num="33" type="stmt" count="14"/>
      <line num="34" type="stmt" count="9"/>
      <line num="35" type="stmt" count="2"/>
      <line num="36" type="stmt" count="8"/>
      <line num="37" type="stmt" count="3"/>
      <line num="38" type="stmt" count="7"/>
      <line num="39" type="stmt" count="3"/>
      <line num="41" type="stmt" count="4"/>
      <line num="49" type="method" name="getIterator" visibility="public" complexity="1" crap="1" count="9"/>
      <line num="51" type="stmt" count="9"/>
      <line num="57" type="method" name="offsetExists" visibility="public" complexity="1" crap="1" count="8"/>
      <line num="59" type="stmt" count="8"/>
      <line num="60" type="stmt" count="6"/>
      <line num="66" type="method" name="offsetGet" visibility="public" complexity="1" crap="1" count="15"/>
      <line num="68" type="stmt" count="15"/>
      <line num="69" type="stmt" count="13"/>
      <line num="75" type="method" name="offsetSet" visibility="public" complexity="2" crap="2" count="28"/>
      <line num="77" type="stmt" count="28"/>
      <line num="78" type="stmt" count="26"/>
      <line num="79" type="stmt" count="26"/>
      <line num="81" type="stmt" count="26"/>
      <line num="82" type="stmt" count="26"/>
      <line num="87" type="method" name="offsetUnset" visibility="public" complexity="1" crap="1" count="8"/>
      <line num="89" type="stmt" count="8"/>
      <line num="90" type="stmt" count="6"/>
      <line num="91" type="stmt" count="6"/>
      <line num="92" type="stmt" count="6"/>
      <line num="97" type="method" name="count" visibility="public" complexity="1" crap="1" count="6"/>
      <line num="99" type="stmt" count="6"/>
      <line num="105" type="method" name="serialize" visibility="public" complexity="2" crap="2" count="1"/>
      <line num="107" type="stmt" count="1"/>
      <line num="108" type="stmt" count="1"/>
      <line num="109" type="stmt" count="1"/>
      <line num="111" type="stmt" count="1"/>
      <line num="117" type="method" name="unserialize" visibility="public" complexity="2" crap="2" count="1"/>
      <line num="119" type="stmt" count="1"/>
      <line num="120" type="stmt" count="1"/>
      <line num="121" type="stmt" count="1"/>
      <line num="123" type="stmt" count="1"/>
      <line num="131" type="method" name="fromPairs" visibility="public" complexity="7" crap="7" count="15"/>
      <line num="133" type="stmt" count="15"/>
      <line num="134" type="stmt" count="3"/>
      <line num="136" type="stmt" count="3"/>
      <line num="140" type="stmt" count="12"/>
      <line num="141" type="stmt" count="12"/>
      <line num="142" type="stmt" count="12"/>
      <line num="143" type="stmt" count="3"/>
      <line num="145" type="stmt" count="3"/>
      <line num="149" type="stmt" count="12"/>
      <line num="151" type="stmt" count="9"/>
      <line num="160" type="method" name="fromArray" visibility="public" complexity="4" crap="4" count="10"/>
      <line num="162" type="stmt" count="10"/>
      <line num="163" type="stmt" count="7"/>
      <line num="165" type="stmt" count="7"/>
      <line num="169" type="stmt" count="3"/>
      <line num="170" type="stmt" count="3"/>
      <line num="171" type="stmt" count="3"/>
      <line num="173" type="stmt" count="3"/>
      <line num="181" type="method" name="toPairs" visibility="public" complexity="2" crap="2" count="1"/>
      <line num="183" type="stmt" count="1"/>
      <line num="184" type="stmt" count="1"/>
      <line num="185" type="stmt" count="1"/>
      <line num="187" type="stmt" count="1"/>
      <line num="195" type="method" name="keys" visibility="public" complexity="1" crap="1" count="10"/>
      <line num="197" type="stmt" count="10"/>
      <line num="205" type="method" name="values" visibility="public" complexity="1" crap="1" count="10"/>
      <line num="207" type="stmt" count="10"/>
      <line num="219" type="method" name="sortBy" visibility="public" complexity="14" crap="14" count="15"/>
      <line num="221" type="stmt" count="15"/>
      <line num="222" type="stmt" count="14"/>
      <line num="223" type="stmt" count="3"/>
      <line num="224" type="stmt" count="11"/>
      <line num="225" type="stmt" count="7"/>
      <line num="227" type="stmt" count="4"/>
      <line num="229" type="stmt" count="4"/>
      <line num="234" type="stmt" count="11"/>
      <line num="235" type="stmt" count="11"/>
      <line num="236" type="stmt" count="7"/>
      <line num="237" type="stmt" count="7"/>
      <line num="238" type="stmt" count="4"/>
      <line num="239" type="stmt" count="4"/>
      <line num="240" type="stmt" count="3"/>
      <line num="241" type="stmt" count="2"/>
      <line num="242" type="stmt" count="2"/>
      <line num="244" type="stmt" count="1"/>
      <line num="245" type="stmt" count="7"/>
      <line num="248" type="stmt" count="4"/>
      <line num="249" type="stmt" count="4"/>
      <line num="253" type="stmt" count="6"/>
      <line num="254" type="stmt" count="6"/>
      <line num="255" type="stmt" count="6"/>
      <line num="258" type="stmt" count="6"/>
      <line num="260" type="stmt" count="6"/>
      <line num="269" type="method" name="getCopy" visibility="public" complexity="1" crap="1" count="6"/>
      <line num="271" type="stmt" count="6"/>
      <metrics loc="273" ncloc="198" classes="1" methods="16" coveredmethods="16" conditionals="0" coveredconditionals="0" statements="87" coveredstatements="87" elements="103" coveredelements="103"/>
    </file>
    <file name="/Users/judda/code/game-framework/dictionary/src/DictionaryIterator.php">
      <class name="GamingEngine\Dictionary\DictionaryIterator" namespace="global">
        <metrics complexity="6" methods="6" coveredmethods="6" conditionals="0" coveredconditionals="0" statements="12" coveredstatements="12" elements="18" coveredelements="18"/>
      </class>
      <line num="26" type="method" name="__construct" visibility="public" complexity="1" crap="1" count="10"/>
      <line num="28" type="stmt" count="10"/>
      <line num="29" type="stmt" count="10"/>
      <line num="30" type="stmt" count="10"/>
      <line num="35" type="method" name="current" visibility="public" complexity="1" crap="1" count="10"/>
      <line num="37" type="stmt" count="10"/>
      <line num="43" type="method" name="next" visibility="public" complexity="1" crap="1" count="10"/>
      <line num="45" type="stmt" count="10"/>
      <line num="46" type="stmt" count="10"/>
      <line num="47" type="stmt" count="10"/>
      <line num="52" type="method" name="key" visibility="public" complexity="1" crap="1" count="10"/>
      <line num="54" type="stmt" count="10"/>
      <line num="60" type="method" name="valid" visibility="public" complexity="1" crap="1" count="9"/>
      <line num="62" type="stmt" count="9"/>
      <line num="68" type="method" name="rewind" visibility="public" complexity="1" crap="1" count="10"/>
      <line num="70" type="stmt" count="10"/>
      <line num="71" type="stmt" count="10"/>
      <line num="72" type="stmt" count="10"/>
      <line num="73" type="stmt" count="1"/>
      <metrics loc="72" ncloc="44" classes="1" methods="6" coveredmethods="6" conditionals="0" coveredconditionals="0" statements="12" coveredstatements="12" elements="18" coveredelements="18"/>
    </file>
    <metrics files="2" loc="345" ncloc="242" classes="2" methods="22" coveredmethods="22" conditionals="0" coveredconditionals="0" statements="99" coveredstatements="99" elements="121" coveredelements="121"/>
  </project>
</coverage>
