<?xml version="1.0" encoding="UTF-8"?>
<testsuites>
  <testsuite name="" tests="53" assertions="121" errors="0" warnings="0" failures="0" skipped="0" time="0.051441">
    <testsuite name="GamingEngine Dictionary Test Suite" tests="53" assertions="121" errors="0" warnings="0" failures="0" skipped="0" time="0.051441">
      <testsuite name="GamingEngine\Dictionary\Tests\DictionaryIteratorTest" file="/Users/judda/code/game-framework/dictionary/tests/DictionaryIteratorTest.php" tests="1" assertions="11" errors="0" warnings="0" failures="0" skipped="0" time="0.009811">
        <testcase name="testIterator" class="GamingEngine\Dictionary\Tests\DictionaryIteratorTest" classname="GamingEngine.Dictionary.Tests.DictionaryIteratorTest" file="/Users/judda/code/game-framework/dictionary/tests/DictionaryIteratorTest.php" line="11" assertions="11" time="0.009811"/>
      </testsuite>
      <testsuite name="GamingEngine\Dictionary\Tests\DictionaryTest" file="/Users/judda/code/game-framework/dictionary/tests/DictionaryTest.php" tests="52" assertions="110" errors="0" warnings="0" failures="0" skipped="0" time="0.041630">
        <testcase name="testFromPairs_CreateFromArray" class="GamingEngine\Dictionary\Tests\DictionaryTest" classname="GamingEngine.Dictionary.Tests.DictionaryTest" file="/Users/judda/code/game-framework/dictionary/tests/DictionaryTest.php" line="137" assertions="4" time="0.001220"/>
        <testcase name="testCount" class="GamingEngine\Dictionary\Tests\DictionaryTest" classname="GamingEngine.Dictionary.Tests.DictionaryTest" file="/Users/judda/code/game-framework/dictionary/tests/DictionaryTest.php" line="68" assertions="2" time="0.000593"/>
        <testsuite name="GamingEngine\Dictionary\Tests\DictionaryTest::testFromPairs_CreateFromInvalidPairs_ThrowException" tests="6" assertions="6" errors="0" warnings="0" failures="0" skipped="0" time="0.004676">
          <testcase name="testFromPairs_CreateFromInvalidPairs_ThrowException with data set &quot;Traversable with incomplete pair&quot;" class="GamingEngine\Dictionary\Tests\DictionaryTest" classname="GamingEngine.Dictionary.Tests.DictionaryTest" file="/Users/judda/code/game-framework/dictionary/tests/DictionaryTest.php" line="173" assertions="1" time="0.001622"/>
          <testcase name="testFromPairs_CreateFromInvalidPairs_ThrowException with data set &quot;integer&quot;" class="GamingEngine\Dictionary\Tests\DictionaryTest" classname="GamingEngine.Dictionary.Tests.DictionaryTest" file="/Users/judda/code/game-framework/dictionary/tests/DictionaryTest.php" line="173" assertions="1" time="0.000653"/>
          <testcase name="testFromPairs_CreateFromInvalidPairs_ThrowException with data set &quot;object&quot;" class="GamingEngine\Dictionary\Tests\DictionaryTest" classname="GamingEngine.Dictionary.Tests.DictionaryTest" file="/Users/judda/code/game-framework/dictionary/tests/DictionaryTest.php" line="173" assertions="1" time="0.000552"/>
          <testcase name="testFromPairs_CreateFromInvalidPairs_ThrowException with data set &quot;string&quot;" class="GamingEngine\Dictionary\Tests\DictionaryTest" classname="GamingEngine.Dictionary.Tests.DictionaryTest" file="/Users/judda/code/game-framework/dictionary/tests/DictionaryTest.php" line="173" assertions="1" time="0.000630"/>
          <testcase name="testFromPairs_CreateFromInvalidPairs_ThrowException with data set &quot;array with incomplete pair&quot;" class="GamingEngine\Dictionary\Tests\DictionaryTest" classname="GamingEngine.Dictionary.Tests.DictionaryTest" file="/Users/judda/code/game-framework/dictionary/tests/DictionaryTest.php" line="173" assertions="1" time="0.000605"/>
          <testcase name="testFromPairs_CreateFromInvalidPairs_ThrowException with data set &quot;array with invalid element&quot;" class="GamingEngine\Dictionary\Tests\DictionaryTest" classname="GamingEngine.Dictionary.Tests.DictionaryTest" file="/Users/judda/code/game-framework/dictionary/tests/DictionaryTest.php" line="173" assertions="1" time="0.000615"/>
        </testsuite>
        <testsuite name="GamingEngine\Dictionary\Tests\DictionaryTest::testArrayAccess" tests="6" assertions="24" errors="0" warnings="0" failures="0" skipped="0" time="0.004070">
          <testcase name="testArrayAccess with data set &quot;int&quot;" class="GamingEngine\Dictionary\Tests\DictionaryTest" classname="GamingEngine.Dictionary.Tests.DictionaryTest" file="/Users/judda/code/game-framework/dictionary/tests/DictionaryTest.php" line="15" assertions="4" time="0.000638"/>
          <testcase name="testArrayAccess with data set &quot;object&quot;" class="GamingEngine\Dictionary\Tests\DictionaryTest" classname="GamingEngine.Dictionary.Tests.DictionaryTest" file="/Users/judda/code/game-framework/dictionary/tests/DictionaryTest.php" line="15" assertions="4" time="0.000635"/>
          <testcase name="testArrayAccess with data set &quot;null&quot;" class="GamingEngine\Dictionary\Tests\DictionaryTest" classname="GamingEngine.Dictionary.Tests.DictionaryTest" file="/Users/judda/code/game-framework/dictionary/tests/DictionaryTest.php" line="15" assertions="4" time="0.000612"/>
          <testcase name="testArrayAccess with data set &quot;float&quot;" class="GamingEngine\Dictionary\Tests\DictionaryTest" classname="GamingEngine.Dictionary.Tests.DictionaryTest" file="/Users/judda/code/game-framework/dictionary/tests/DictionaryTest.php" line="15" assertions="4" time="0.000599"/>
          <testcase name="testArrayAccess with data set &quot;bool&quot;" class="GamingEngine\Dictionary\Tests\DictionaryTest" classname="GamingEngine.Dictionary.Tests.DictionaryTest" file="/Users/judda/code/game-framework/dictionary/tests/DictionaryTest.php" line="15" assertions="4" time="0.000934"/>
          <testcase name="testArrayAccess with data set &quot;string&quot;" class="GamingEngine\Dictionary\Tests\DictionaryTest" classname="GamingEngine.Dictionary.Tests.DictionaryTest" file="/Users/judda/code/game-framework/dictionary/tests/DictionaryTest.php" line="15" assertions="4" time="0.000652"/>
        </testsuite>
        <testsuite name="GamingEngine\Dictionary\Tests\DictionaryTest::testOffsetGet_InvalidOffset_ThrowException" tests="2" assertions="2" errors="0" warnings="0" failures="0" skipped="0" time="0.001243">
          <testcase name="testOffsetGet_InvalidOffset_ThrowException with data set &quot;array&quot;" class="GamingEngine\Dictionary\Tests\DictionaryTest" classname="GamingEngine.Dictionary.Tests.DictionaryTest" file="/Users/judda/code/game-framework/dictionary/tests/DictionaryTest.php" line="99" assertions="1" time="0.000657"/>
          <testcase name="testOffsetGet_InvalidOffset_ThrowException with data set &quot;Closure&quot;" class="GamingEngine\Dictionary\Tests\DictionaryTest" classname="GamingEngine.Dictionary.Tests.DictionaryTest" file="/Users/judda/code/game-framework/dictionary/tests/DictionaryTest.php" line="99" assertions="1" time="0.000586"/>
        </testsuite>
        <testcase name="testToPairs" class="GamingEngine\Dictionary\Tests\DictionaryTest" classname="GamingEngine.Dictionary.Tests.DictionaryTest" file="/Users/judda/code/game-framework/dictionary/tests/DictionaryTest.php" line="467" assertions="1" time="0.000655"/>
        <testcase name="testSerialize" class="GamingEngine\Dictionary\Tests\DictionaryTest" classname="GamingEngine.Dictionary.Tests.DictionaryTest" file="/Users/judda/code/game-framework/dictionary/tests/DictionaryTest.php" line="427" assertions="1" time="0.000789"/>
        <testsuite name="GamingEngine\Dictionary\Tests\DictionaryTest::testSortBy_InvalidDirection_ThrowException" tests="5" assertions="5" errors="0" warnings="0" failures="0" skipped="0" time="0.003110">
          <testcase name="testSortBy_InvalidDirection_ThrowException with data set &quot;invalid string&quot;" class="GamingEngine\Dictionary\Tests\DictionaryTest" classname="GamingEngine.Dictionary.Tests.DictionaryTest" file="/Users/judda/code/game-framework/dictionary/tests/DictionaryTest.php" line="395" assertions="1" time="0.000697"/>
          <testcase name="testSortBy_InvalidDirection_ThrowException with data set &quot;null&quot;" class="GamingEngine\Dictionary\Tests\DictionaryTest" classname="GamingEngine.Dictionary.Tests.DictionaryTest" file="/Users/judda/code/game-framework/dictionary/tests/DictionaryTest.php" line="395" assertions="1" time="0.000601"/>
          <testcase name="testSortBy_InvalidDirection_ThrowException with data set &quot;int&quot;" class="GamingEngine\Dictionary\Tests\DictionaryTest" classname="GamingEngine.Dictionary.Tests.DictionaryTest" file="/Users/judda/code/game-framework/dictionary/tests/DictionaryTest.php" line="395" assertions="1" time="0.000547"/>
          <testcase name="testSortBy_InvalidDirection_ThrowException with data set &quot;array&quot;" class="GamingEngine\Dictionary\Tests\DictionaryTest" classname="GamingEngine.Dictionary.Tests.DictionaryTest" file="/Users/judda/code/game-framework/dictionary/tests/DictionaryTest.php" line="395" assertions="1" time="0.000705"/>
          <testcase name="testSortBy_InvalidDirection_ThrowException with data set &quot;object&quot;" class="GamingEngine\Dictionary\Tests\DictionaryTest" classname="GamingEngine.Dictionary.Tests.DictionaryTest" file="/Users/judda/code/game-framework/dictionary/tests/DictionaryTest.php" line="395" assertions="1" time="0.000559"/>
        </testsuite>
        <testsuite name="GamingEngine\Dictionary\Tests\DictionaryTest::testSortBy_InvalidCallback_ThrowException" tests="4" assertions="4" errors="0" warnings="0" failures="0" skipped="0" time="0.002521">
          <testcase name="testSortBy_InvalidCallback_ThrowException with data set &quot;int&quot;" class="GamingEngine\Dictionary\Tests\DictionaryTest" classname="GamingEngine.Dictionary.Tests.DictionaryTest" file="/Users/judda/code/game-framework/dictionary/tests/DictionaryTest.php" line="375" assertions="1" time="0.000565"/>
          <testcase name="testSortBy_InvalidCallback_ThrowException with data set &quot;string&quot;" class="GamingEngine\Dictionary\Tests\DictionaryTest" classname="GamingEngine.Dictionary.Tests.DictionaryTest" file="/Users/judda/code/game-framework/dictionary/tests/DictionaryTest.php" line="375" assertions="1" time="0.000573"/>
          <testcase name="testSortBy_InvalidCallback_ThrowException with data set &quot;object&quot;" class="GamingEngine\Dictionary\Tests\DictionaryTest" classname="GamingEngine.Dictionary.Tests.DictionaryTest" file="/Users/judda/code/game-framework/dictionary/tests/DictionaryTest.php" line="375" assertions="1" time="0.000591"/>
          <testcase name="testSortBy_InvalidCallback_ThrowException with data set &quot;array&quot;" class="GamingEngine\Dictionary\Tests\DictionaryTest" classname="GamingEngine.Dictionary.Tests.DictionaryTest" file="/Users/judda/code/game-framework/dictionary/tests/DictionaryTest.php" line="375" assertions="1" time="0.000792"/>
        </testsuite>
        <testcase name="testFromArray_CreateFromArray" class="GamingEngine\Dictionary\Tests\DictionaryTest" classname="GamingEngine.Dictionary.Tests.DictionaryTest" file="/Users/judda/code/game-framework/dictionary/tests/DictionaryTest.php" line="210" assertions="5" time="0.000786"/>
        <testcase name="testSortBy_Called_OriginalDictionaryModified" class="GamingEngine\Dictionary\Tests\DictionaryTest" classname="GamingEngine.Dictionary.Tests.DictionaryTest" file="/Users/judda/code/game-framework/dictionary/tests/DictionaryTest.php" line="362" assertions="1" time="0.003038"/>
        <testcase name="testFromArray_CreateFromTraversable" class="GamingEngine\Dictionary\Tests\DictionaryTest" classname="GamingEngine.Dictionary.Tests.DictionaryTest" file="/Users/judda/code/game-framework/dictionary/tests/DictionaryTest.php" line="227" assertions="5" time="0.000765"/>
        <testcase name="testGetCopy" class="GamingEngine\Dictionary\Tests\DictionaryTest" classname="GamingEngine.Dictionary.Tests.DictionaryTest" file="/Users/judda/code/game-framework/dictionary/tests/DictionaryTest.php" line="413" assertions="3" time="0.000894"/>
        <testsuite name="GamingEngine\Dictionary\Tests\DictionaryTest::testOffsetExists_InvalidOffset_ThrowException" tests="2" assertions="2" errors="0" warnings="0" failures="0" skipped="0" time="0.001245">
          <testcase name="testOffsetExists_InvalidOffset_ThrowException with data set &quot;Closure&quot;" class="GamingEngine\Dictionary\Tests\DictionaryTest" classname="GamingEngine.Dictionary.Tests.DictionaryTest" file="/Users/judda/code/game-framework/dictionary/tests/DictionaryTest.php" line="110" assertions="1" time="0.000587"/>
          <testcase name="testOffsetExists_InvalidOffset_ThrowException with data set &quot;array&quot;" class="GamingEngine\Dictionary\Tests\DictionaryTest" classname="GamingEngine.Dictionary.Tests.DictionaryTest" file="/Users/judda/code/game-framework/dictionary/tests/DictionaryTest.php" line="110" assertions="1" time="0.000658"/>
        </testsuite>
        <testsuite name="GamingEngine\Dictionary\Tests\DictionaryTest::testOffsetUnset_InvalidOffset_ThrowException" tests="2" assertions="2" errors="0" warnings="0" failures="0" skipped="0" time="0.001161">
          <testcase name="testOffsetUnset_InvalidOffset_ThrowException with data set &quot;Closure&quot;" class="GamingEngine\Dictionary\Tests\DictionaryTest" classname="GamingEngine.Dictionary.Tests.DictionaryTest" file="/Users/judda/code/game-framework/dictionary/tests/DictionaryTest.php" line="121" assertions="1" time="0.000594"/>
          <testcase name="testOffsetUnset_InvalidOffset_ThrowException with data set &quot;array&quot;" class="GamingEngine\Dictionary\Tests\DictionaryTest" classname="GamingEngine.Dictionary.Tests.DictionaryTest" file="/Users/judda/code/game-framework/dictionary/tests/DictionaryTest.php" line="121" assertions="1" time="0.000567"/>
        </testsuite>
        <testcase name="testUnserialize" class="GamingEngine\Dictionary\Tests\DictionaryTest" classname="GamingEngine.Dictionary.Tests.DictionaryTest" file="/Users/judda/code/game-framework/dictionary/tests/DictionaryTest.php" line="445" assertions="6" time="0.001527"/>
        <testcase name="testSortBy_Callable" class="GamingEngine\Dictionary\Tests\DictionaryTest" classname="GamingEngine.Dictionary.Tests.DictionaryTest" file="/Users/judda/code/game-framework/dictionary/tests/DictionaryTest.php" line="343" assertions="2" time="0.000859"/>
        <testcase name="testSortBy_KeysDesc" class="GamingEngine\Dictionary\Tests\DictionaryTest" classname="GamingEngine.Dictionary.Tests.DictionaryTest" file="/Users/judda/code/game-framework/dictionary/tests/DictionaryTest.php" line="325" assertions="3" time="0.001146"/>
        <testcase name="testSortBy_KeysAsc" class="GamingEngine\Dictionary\Tests\DictionaryTest" classname="GamingEngine.Dictionary.Tests.DictionaryTest" file="/Users/judda/code/game-framework/dictionary/tests/DictionaryTest.php" line="307" assertions="3" time="0.001141"/>
        <testsuite name="GamingEngine\Dictionary\Tests\DictionaryTest::testFromArray_InvalidArray_ThrowException" tests="7" assertions="7" errors="0" warnings="0" failures="0" skipped="0" time="0.004097">
          <testcase name="testFromArray_InvalidArray_ThrowException with data set &quot;false&quot;" class="GamingEngine\Dictionary\Tests\DictionaryTest" classname="GamingEngine.Dictionary.Tests.DictionaryTest" file="/Users/judda/code/game-framework/dictionary/tests/DictionaryTest.php" line="247" assertions="1" time="0.000607"/>
          <testcase name="testFromArray_InvalidArray_ThrowException with data set &quot;int&quot;" class="GamingEngine\Dictionary\Tests\DictionaryTest" classname="GamingEngine.Dictionary.Tests.DictionaryTest" file="/Users/judda/code/game-framework/dictionary/tests/DictionaryTest.php" line="247" assertions="1" time="0.000537"/>
          <testcase name="testFromArray_InvalidArray_ThrowException with data set &quot;string&quot;" class="GamingEngine\Dictionary\Tests\DictionaryTest" classname="GamingEngine.Dictionary.Tests.DictionaryTest" file="/Users/judda/code/game-framework/dictionary/tests/DictionaryTest.php" line="247" assertions="1" time="0.000572"/>
          <testcase name="testFromArray_InvalidArray_ThrowException with data set &quot;float&quot;" class="GamingEngine\Dictionary\Tests\DictionaryTest" classname="GamingEngine.Dictionary.Tests.DictionaryTest" file="/Users/judda/code/game-framework/dictionary/tests/DictionaryTest.php" line="247" assertions="1" time="0.000536"/>
          <testcase name="testFromArray_InvalidArray_ThrowException with data set &quot;true&quot;" class="GamingEngine\Dictionary\Tests\DictionaryTest" classname="GamingEngine.Dictionary.Tests.DictionaryTest" file="/Users/judda/code/game-framework/dictionary/tests/DictionaryTest.php" line="247" assertions="1" time="0.000536"/>
          <testcase name="testFromArray_InvalidArray_ThrowException with data set &quot;null&quot;" class="GamingEngine\Dictionary\Tests\DictionaryTest" classname="GamingEngine.Dictionary.Tests.DictionaryTest" file="/Users/judda/code/game-framework/dictionary/tests/DictionaryTest.php" line="247" assertions="1" time="0.000631"/>
          <testcase name="testFromArray_InvalidArray_ThrowException with data set &quot;object&quot;" class="GamingEngine\Dictionary\Tests\DictionaryTest" classname="GamingEngine.Dictionary.Tests.DictionaryTest" file="/Users/judda/code/game-framework/dictionary/tests/DictionaryTest.php" line="247" assertions="1" time="0.000677"/>
        </testsuite>
        <testcase name="testSortBy_ValuesDesc" class="GamingEngine\Dictionary\Tests\DictionaryTest" classname="GamingEngine.Dictionary.Tests.DictionaryTest" file="/Users/judda/code/game-framework/dictionary/tests/DictionaryTest.php" line="289" assertions="3" time="0.001205"/>
        <testsuite name="GamingEngine\Dictionary\Tests\DictionaryTest::testOffsetSet_InvalidOffset_ThrowException" tests="2" assertions="2" errors="0" warnings="0" failures="0" skipped="0" time="0.001406">
          <testcase name="testOffsetSet_InvalidOffset_ThrowException with data set &quot;Closure&quot;" class="GamingEngine\Dictionary\Tests\DictionaryTest" classname="GamingEngine.Dictionary.Tests.DictionaryTest" file="/Users/judda/code/game-framework/dictionary/tests/DictionaryTest.php" line="88" assertions="1" time="0.000720"/>
          <testcase name="testOffsetSet_InvalidOffset_ThrowException with data set &quot;array&quot;" class="GamingEngine\Dictionary\Tests\DictionaryTest" classname="GamingEngine.Dictionary.Tests.DictionaryTest" file="/Users/judda/code/game-framework/dictionary/tests/DictionaryTest.php" line="88" assertions="1" time="0.000686"/>
        </testsuite>
        <testcase name="testKeyTypeAwareness" class="GamingEngine\Dictionary\Tests\DictionaryTest" classname="GamingEngine.Dictionary.Tests.DictionaryTest" file="/Users/judda/code/game-framework/dictionary/tests/DictionaryTest.php" line="44" assertions="9" time="0.000824"/>
        <testcase name="testSortBy_ValuesAsc" class="GamingEngine\Dictionary\Tests\DictionaryTest" classname="GamingEngine.Dictionary.Tests.DictionaryTest" file="/Users/judda/code/game-framework/dictionary/tests/DictionaryTest.php" line="267" assertions="5" time="0.002041"/>
        <testcase name="testFromPairs_CreateFromTraversable" class="GamingEngine\Dictionary\Tests\DictionaryTest" classname="GamingEngine.Dictionary.Tests.DictionaryTest" file="/Users/judda/code/game-framework/dictionary/tests/DictionaryTest.php" line="155" assertions="3" time="0.000619"/>
      </testsuite>
    </testsuite>
  </testsuite>
</testsuites>
